<?xml version="1.0" encoding="UTF-8"?>
<!-- Generated by org.testng.reporters.JUnitXMLReporter -->
<testsuite ignored="2" hostname="awinashjha" failures="19" tests="19" name="Test" time="1.208" errors="0" timestamp="2021-09-18T00:05:42 IST">
  <testcase classname="Tests.LogoutTest" name="logout" time="0.017">
    <failure type="java.lang.NullPointerException" message="Cannot invoke &amp;quot;com.relevantcodes.extentreports.ExtentReports.startTest(String)&amp;quot; because &amp;quot;Tests.LogoutTest.extent&amp;quot; is null">
      <![CDATA[java.lang.NullPointerException: Cannot invoke "com.relevantcodes.extentreports.ExtentReports.startTest(String)" because "Tests.LogoutTest.extent" is null
at Tests.LogoutTest.logout(LogoutTest.java:21)
at java.base/java.util.ArrayList.forEach(ArrayList.java:1511)
... Removed 27 stack frames]]>
    </failure>
  </testcase> <!-- logout -->
  <testcase classname="Tests.RegisterTest" name="Register" time="0.002">
    <failure type="java.lang.NullPointerException" message="Cannot invoke &amp;quot;com.relevantcodes.extentreports.ExtentReports.startTest(String)&amp;quot; because &amp;quot;Tests.RegisterTest.extent&amp;quot; is null">
      <![CDATA[java.lang.NullPointerException: Cannot invoke "com.relevantcodes.extentreports.ExtentReports.startTest(String)" because "Tests.RegisterTest.extent" is null
at Tests.RegisterTest.Register(RegisterTest.java:20)
at java.base/java.util.ArrayList.forEach(ArrayList.java:1511)
... Removed 27 stack frames]]>
    </failure>
  </testcase> <!-- Register -->
  <testcase classname="Tests.ProductTest" name="SearchProduct" time="0.002">
    <failure type="java.lang.NullPointerException" message="Cannot invoke &amp;quot;com.relevantcodes.extentreports.ExtentReports.startTest(String)&amp;quot; because &amp;quot;Tests.ProductTest.extent&amp;quot; is null">
      <![CDATA[java.lang.NullPointerException: Cannot invoke "com.relevantcodes.extentreports.ExtentReports.startTest(String)" because "Tests.ProductTest.extent" is null
at Tests.ProductTest.SearchProduct(ProductTest.java:20)
at java.base/java.util.ArrayList.forEach(ArrayList.java:1511)
... Removed 27 stack frames]]>
    </failure>
  </testcase> <!-- SearchProduct -->
  <testcase classname="Tests.ProductTest" name="ADDtoCart" time="0.002">
    <failure type="java.lang.NullPointerException" message="Cannot invoke &amp;quot;com.relevantcodes.extentreports.ExtentReports.startTest(String)&amp;quot; because &amp;quot;Tests.ProductTest.extent&amp;quot; is null">
      <![CDATA[java.lang.NullPointerException: Cannot invoke "com.relevantcodes.extentreports.ExtentReports.startTest(String)" because "Tests.ProductTest.extent" is null
at Tests.ProductTest.ADDtoCart(ProductTest.java:42)
at java.base/java.util.ArrayList.forEach(ArrayList.java:1511)
... Removed 27 stack frames]]>
    </failure>
  </testcase> <!-- ADDtoCart -->
  <testcase classname="Tests.ProductTest" name="DeleteFromCart" time="0.001">
    <failure type="java.lang.NullPointerException" message="Cannot invoke &amp;quot;com.relevantcodes.extentreports.ExtentReports.startTest(String)&amp;quot; because &amp;quot;Tests.ProductTest.extent&amp;quot; is null">
      <![CDATA[java.lang.NullPointerException: Cannot invoke "com.relevantcodes.extentreports.ExtentReports.startTest(String)" because "Tests.ProductTest.extent" is null
at Tests.ProductTest.DeleteFromCart(ProductTest.java:65)
at java.base/java.util.ArrayList.forEach(ArrayList.java:1511)
... Removed 27 stack frames]]>
    </failure>
  </testcase> <!-- DeleteFromCart -->
  <testcase classname="Tests.Without_LoginProductTest" name="Product_Search" time="0.001">
    <failure type="java.lang.NullPointerException" message="Cannot invoke &amp;quot;com.relevantcodes.extentreports.ExtentReports.startTest(String)&amp;quot; because &amp;quot;Tests.Without_LoginProductTest.extent&amp;quot; is null">
      <![CDATA[java.lang.NullPointerException: Cannot invoke "com.relevantcodes.extentreports.ExtentReports.startTest(String)" because "Tests.Without_LoginProductTest.extent" is null
at Tests.Without_LoginProductTest.Product_Search(Without_LoginProductTest.java:17)
at java.base/java.util.ArrayList.forEach(ArrayList.java:1511)
... Removed 27 stack frames]]>
    </failure>
  </testcase> <!-- Product_Search -->
  <testcase classname="Tests.AddressTest" name="add_Address" time="0.001">
    <failure type="java.lang.NullPointerException" message="Cannot invoke &amp;quot;com.relevantcodes.extentreports.ExtentReports.startTest(String)&amp;quot; because &amp;quot;Tests.AddressTest.extent&amp;quot; is null">
      <![CDATA[java.lang.NullPointerException: Cannot invoke "com.relevantcodes.extentreports.ExtentReports.startTest(String)" because "Tests.AddressTest.extent" is null
at Tests.AddressTest.add_Address(AddressTest.java:20)
at java.base/java.util.ArrayList.forEach(ArrayList.java:1511)
... Removed 27 stack frames]]>
    </failure>
  </testcase> <!-- add_Address -->
  <testcase classname="Tests.AddressTest" name="delete_address" time="0.002">
    <failure type="java.lang.NullPointerException" message="Cannot invoke &amp;quot;com.relevantcodes.extentreports.ExtentReports.startTest(String)&amp;quot; because &amp;quot;Tests.AddressTest.extent&amp;quot; is null">
      <![CDATA[java.lang.NullPointerException: Cannot invoke "com.relevantcodes.extentreports.ExtentReports.startTest(String)" because "Tests.AddressTest.extent" is null
at Tests.AddressTest.delete_address(AddressTest.java:52)
at java.base/java.util.ArrayList.forEach(ArrayList.java:1511)
... Removed 27 stack frames]]>
    </failure>
  </testcase> <!-- delete_address -->
  <testcase classname="Tests.TopOffersTest" name="TopOffers_check" time="0.003">
    <failure type="java.lang.NullPointerException" message="Cannot invoke &amp;quot;com.relevantcodes.extentreports.ExtentReports.startTest(String)&amp;quot; because &amp;quot;Tests.TopOffersTest.extent&amp;quot; is null">
      <![CDATA[java.lang.NullPointerException: Cannot invoke "com.relevantcodes.extentreports.ExtentReports.startTest(String)" because "Tests.TopOffersTest.extent" is null
at Tests.TopOffersTest.TopOffers_check(TopOffersTest.java:17)
at java.base/java.util.ArrayList.forEach(ArrayList.java:1511)
... Removed 27 stack frames]]>
    </failure>
  </testcase> <!-- TopOffers_check -->
  <testcase classname="Tests.TopOffersTest" name="Check_Electronics" time="0.002">
    <failure type="java.lang.NullPointerException" message="Cannot invoke &amp;quot;com.relevantcodes.extentreports.ExtentReports.startTest(String)&amp;quot; because &amp;quot;Tests.TopOffersTest.extent&amp;quot; is null">
      <![CDATA[java.lang.NullPointerException: Cannot invoke "com.relevantcodes.extentreports.ExtentReports.startTest(String)" because "Tests.TopOffersTest.extent" is null
at Tests.TopOffersTest.Check_Electronics(TopOffersTest.java:34)
at java.base/java.util.ArrayList.forEach(ArrayList.java:1511)
... Removed 27 stack frames]]>
    </failure>
  </testcase> <!-- Check_Electronics -->
  <testcase classname="Tests.LoginTest" name="ValidLogin" time="0.002">
    <failure type="java.lang.NullPointerException" message="Cannot invoke &amp;quot;com.relevantcodes.extentreports.ExtentReports.startTest(String)&amp;quot; because &amp;quot;Tests.LoginTest.extent&amp;quot; is null">
      <![CDATA[java.lang.NullPointerException: Cannot invoke "com.relevantcodes.extentreports.ExtentReports.startTest(String)" because "Tests.LoginTest.extent" is null
at Tests.LoginTest.ValidLogin(LoginTest.java:18)
at java.base/java.util.ArrayList.forEach(ArrayList.java:1511)
... Removed 27 stack frames]]>
    </failure>
  </testcase> <!-- ValidLogin -->
  <testcase classname="Tests.LoginTest" name="InvalidLogin" time="0.002">
    <failure type="java.lang.NullPointerException" message="Cannot invoke &amp;quot;com.relevantcodes.extentreports.ExtentReports.startTest(String)&amp;quot; because &amp;quot;Tests.LoginTest.extent&amp;quot; is null">
      <![CDATA[java.lang.NullPointerException: Cannot invoke "com.relevantcodes.extentreports.ExtentReports.startTest(String)" because "Tests.LoginTest.extent" is null
at Tests.LoginTest.InvalidLogin(LoginTest.java:40)
at java.base/java.util.ArrayList.forEach(ArrayList.java:1511)
... Removed 27 stack frames]]>
    </failure>
  </testcase> <!-- InvalidLogin -->
  <testcase classname="Tests.LoginTest" name="InvalidLogin" time="0.001">
    <failure type="java.lang.NullPointerException" message="Cannot invoke &amp;quot;com.relevantcodes.extentreports.ExtentReports.startTest(String)&amp;quot; because &amp;quot;Tests.LoginTest.extent&amp;quot; is null">
      <![CDATA[java.lang.NullPointerException: Cannot invoke "com.relevantcodes.extentreports.ExtentReports.startTest(String)" because "Tests.LoginTest.extent" is null
at Tests.LoginTest.InvalidLogin(LoginTest.java:40)
at java.base/java.util.ArrayList.forEach(ArrayList.java:1511)
... Removed 27 stack frames]]>
    </failure>
  </testcase> <!-- InvalidLogin -->
  <testcase classname="Tests.LoginTest" name="InvalidLogin" time="0.002">
    <failure type="java.lang.NullPointerException" message="Cannot invoke &amp;quot;com.relevantcodes.extentreports.ExtentReports.startTest(String)&amp;quot; because &amp;quot;Tests.LoginTest.extent&amp;quot; is null">
      <![CDATA[java.lang.NullPointerException: Cannot invoke "com.relevantcodes.extentreports.ExtentReports.startTest(String)" because "Tests.LoginTest.extent" is null
at Tests.LoginTest.InvalidLogin(LoginTest.java:40)
at java.base/java.util.ArrayList.forEach(ArrayList.java:1511)
... Removed 27 stack frames]]>
    </failure>
  </testcase> <!-- InvalidLogin -->
  <testcase classname="Tests.LoginTest" name="No_ID_Passwrd_InvalidLogin" time="0.001">
    <failure type="java.lang.NullPointerException" message="Cannot invoke &amp;quot;com.relevantcodes.extentreports.ExtentReports.startTest(String)&amp;quot; because &amp;quot;Tests.LoginTest.extent&amp;quot; is null">
      <![CDATA[java.lang.NullPointerException: Cannot invoke "com.relevantcodes.extentreports.ExtentReports.startTest(String)" because "Tests.LoginTest.extent" is null
at Tests.LoginTest.No_ID_Passwrd_InvalidLogin(LoginTest.java:60)
at java.base/java.util.ArrayList.forEach(ArrayList.java:1511)
... Removed 27 stack frames]]>
    </failure>
  </testcase> <!-- No_ID_Passwrd_InvalidLogin -->
  <testcase classname="Tests.ExtraFeaturesTest" name="Security_Policy" time="0.001">
    <failure type="java.lang.NullPointerException" message="Cannot invoke &amp;quot;com.relevantcodes.extentreports.ExtentReports.startTest(String)&amp;quot; because &amp;quot;Tests.ExtraFeaturesTest.extent&amp;quot; is null">
      <![CDATA[java.lang.NullPointerException: Cannot invoke "com.relevantcodes.extentreports.ExtentReports.startTest(String)" because "Tests.ExtraFeaturesTest.extent" is null
at Tests.ExtraFeaturesTest.Security_Policy(ExtraFeaturesTest.java:16)
at java.base/java.util.ArrayList.forEach(ArrayList.java:1511)
... Removed 27 stack frames]]>
    </failure>
  </testcase> <!-- Security_Policy -->
  <testcase classname="Tests.ExtraFeaturesTest" name="Flipkart_Stories" time="0.002">
    <failure type="java.lang.NullPointerException" message="Cannot invoke &amp;quot;com.relevantcodes.extentreports.ExtentReports.startTest(String)&amp;quot; because &amp;quot;Tests.ExtraFeaturesTest.extent&amp;quot; is null">
      <![CDATA[java.lang.NullPointerException: Cannot invoke "com.relevantcodes.extentreports.ExtentReports.startTest(String)" because "Tests.ExtraFeaturesTest.extent" is null
at Tests.ExtraFeaturesTest.Flipkart_Stories(ExtraFeaturesTest.java:32)
at java.base/java.util.ArrayList.forEach(ArrayList.java:1511)
... Removed 27 stack frames]]>
    </failure>
  </testcase> <!-- Flipkart_Stories -->
  <testcase classname="Tests.ExtraFeaturesTest" name="Signup" time="0.001">
    <failure type="java.lang.NullPointerException" message="Cannot invoke &amp;quot;com.relevantcodes.extentreports.ExtentReports.startTest(String)&amp;quot; because &amp;quot;Tests.ExtraFeaturesTest.extent&amp;quot; is null">
      <![CDATA[java.lang.NullPointerException: Cannot invoke "com.relevantcodes.extentreports.ExtentReports.startTest(String)" because "Tests.ExtraFeaturesTest.extent" is null
at Tests.ExtraFeaturesTest.Signup(ExtraFeaturesTest.java:48)
at java.base/java.util.ArrayList.forEach(ArrayList.java:1511)
... Removed 27 stack frames]]>
    </failure>
  </testcase> <!-- Signup -->
  <testcase classname="Tests.ExtraFeaturesTest" name="Other_Issue" time="0.0">
    <failure type="java.lang.NullPointerException" message="Cannot invoke &amp;quot;com.relevantcodes.extentreports.ExtentReports.startTest(String)&amp;quot; because &amp;quot;Tests.ExtraFeaturesTest.extent&amp;quot; is null">
      <![CDATA[java.lang.NullPointerException: Cannot invoke "com.relevantcodes.extentreports.ExtentReports.startTest(String)" because "Tests.ExtraFeaturesTest.extent" is null
at Tests.ExtraFeaturesTest.Other_Issue(ExtraFeaturesTest.java:66)
at java.base/java.util.ArrayList.forEach(ArrayList.java:1511)
... Removed 27 stack frames]]>
    </failure>
  </testcase> <!-- Other_Issue -->
  <testcase classname="Tests.TravelTest" name="RoundWAYTravel_Check" time="0.0">
    <ignored/>
  </testcase> <!-- RoundWAYTravel_Check -->
  <testcase classname="Tests.TravelTest" name="OneWAYTravel_Check" time="0.0">
    <ignored/>
  </testcase> <!-- OneWAYTravel_Check -->
</testsuite> <!-- Test -->
